TN:
SF:src\card.data.ts
FNF:0
FNH:0
DA:1,1
DA:2,1
DA:3,1
DA:4,1
DA:5,1
DA:6,1
DA:7,1
DA:8,1
DA:9,1
DA:10,1
DA:11,1
DA:12,1
DA:13,1
DA:14,1
DA:15,1
DA:16,1
DA:17,1
DA:18,1
DA:19,1
DA:20,1
DA:21,1
DA:22,1
DA:23,1
DA:24,1
DA:25,1
DA:26,1
DA:27,1
DA:28,1
DA:29,1
DA:30,1
DA:31,1
DA:32,1
DA:33,1
DA:34,1
DA:35,1
DA:36,1
DA:37,1
DA:38,1
DA:39,1
DA:40,1
DA:41,1
DA:42,1
DA:43,1
DA:44,1
DA:45,1
DA:46,1
LF:46
LH:46
BRF:0
BRH:0
end_of_record
TN:
SF:src\Card\CardOnTable\CardOnTable.ts
FN:17,PutCardAttack
FN:25,PutCardDeff
FN:29,removeCard
FN:36,pickUpAllCard
FNF:4
FNH:3
FNDA:1,PutCardAttack
FNDA:0,PutCardDeff
FNDA:1,removeCard
FNDA:1,pickUpAllCard
DA:1,1
DA:2,1
DA:3,1
DA:4,1
DA:5,1
DA:6,1
DA:7,1
DA:8,1
DA:9,1
DA:10,1
DA:11,1
DA:12,1
DA:13,1
DA:14,1
DA:15,1
DA:16,1
DA:17,1
DA:18,1
DA:19,1
DA:20,1
DA:21,1
DA:22,1
DA:23,1
DA:24,1
DA:25,1
DA:26,0
DA:27,0
DA:28,0
DA:29,1
DA:30,1
DA:31,1
DA:32,1
DA:33,1
DA:34,1
DA:35,1
DA:36,1
DA:37,1
DA:38,1
DA:39,1
DA:40,1
DA:41,1
DA:42,1
DA:43,1
DA:44,1
DA:45,1
DA:46,1
DA:47,1
DA:48,1
DA:49,1
LF:49
LH:46
BRDA:17,0,0,1
BRDA:29,1,0,1
BRDA:30,2,0,1
BRDA:36,3,0,1
BRDA:37,4,0,1
BRDA:39,5,0,0
BRF:6
BRH:5
end_of_record
TN:
SF:src\Card\CheckCardInUser\CheckCardInUser.ts
FN:8,CheckCardInUser
FN:14,CheckCardInAtackTable
FNF:2
FNH:1
FNDA:2,CheckCardInUser
FNDA:0,CheckCardInAtackTable
DA:1,1
DA:2,1
DA:3,1
DA:4,1
DA:5,1
DA:6,1
DA:7,1
DA:8,1
DA:9,2
DA:10,2
DA:11,2
DA:12,2
DA:13,2
DA:14,1
DA:15,0
DA:16,0
DA:17,0
DA:18,0
DA:19,0
DA:20,1
LF:20
LH:15
BRDA:8,0,0,2
BRDA:10,1,0,5
BRDA:10,2,0,1
BRF:3
BRH:3
end_of_record
TN:
SF:src\Card\CheckCardOnTable\CheckCardOnTable.ts
FN:9,checkIfCardIsZero
FN:15,checkIfCardMaxMinForAdd
FN:21,cehckDefCardOntTable
FNF:3
FNH:3
FNDA:2,checkIfCardIsZero
FNDA:4,checkIfCardMaxMinForAdd
FNDA:2,cehckDefCardOntTable
DA:1,1
DA:2,1
DA:3,1
DA:4,1
DA:5,1
DA:6,1
DA:7,1
DA:8,1
DA:9,1
DA:10,2
DA:11,1
DA:12,1
DA:13,1
DA:14,1
DA:15,1
DA:16,4
DA:17,2
DA:18,2
DA:19,2
DA:20,2
DA:21,1
DA:22,2
DA:23,2
DA:24,2
DA:25,1
DA:26,1
DA:27,2
DA:28,2
DA:29,2
DA:30,1
LF:30
LH:30
BRDA:9,0,0,2
BRDA:10,1,0,1
BRDA:15,2,0,4
BRDA:16,3,0,3
BRDA:16,4,0,2
BRDA:21,5,0,2
BRDA:23,6,0,2
BRDA:24,7,0,1
BRF:8
BRH:8
end_of_record
TN:
SF:src\Card\CheckRankOnTable\CheckRankOnTable.ts
FN:7,CheckRankOnTable
FNF:1
FNH:1
FNDA:2,CheckRankOnTable
DA:1,1
DA:2,1
DA:3,1
DA:4,1
DA:5,1
DA:6,1
DA:7,1
DA:8,2
DA:9,2
DA:10,4
DA:11,1
DA:12,1
DA:13,2
DA:14,2
DA:15,2
DA:16,1
LF:16
LH:16
BRDA:7,0,0,2
BRDA:9,1,0,4
BRDA:10,2,0,0
BRDA:10,3,0,1
BRF:4
BRH:3
end_of_record
TN:
SF:src\Card\ComparisonCard\ComparisonCard.ts
FN:7,ComparisonCard
FNF:1
FNH:1
FNDA:5,ComparisonCard
DA:1,1
DA:2,1
DA:3,1
DA:4,1
DA:5,1
DA:6,1
DA:7,1
DA:8,5
DA:9,1
DA:10,1
DA:11,5
DA:12,1
DA:13,1
DA:14,5
DA:15,2
DA:16,2
DA:17,1
DA:18,1
DA:19,1
LF:19
LH:19
BRDA:7,0,0,5
BRDA:8,1,0,3
BRDA:8,2,0,1
BRDA:11,3,0,4
BRDA:11,4,0,2
BRDA:11,5,0,1
BRDA:14,6,0,3
BRDA:14,7,0,2
BRDA:17,8,0,1
BRF:9
BRH:9
end_of_record
TN:
SF:src\Card\DistributingCardsToUser\DistributingCardsToUser.ts
FN:9,distributeCards
FNF:1
FNH:1
FNDA:1,distributeCards
DA:1,1
DA:2,1
DA:3,1
DA:4,1
DA:5,1
DA:6,1
DA:7,1
DA:8,1
DA:9,1
DA:10,1
DA:11,3
DA:12,3
DA:13,3
DA:14,1
DA:15,1
LF:15
LH:15
BRDA:9,0,0,1
BRDA:10,1,0,4
BRDA:10,2,0,3
BRF:3
BRH:3
end_of_record
TN:
SF:src\Card\MixCard\MixCard.ts
FN:7,Mix
FNF:1
FNH:1
FNDA:1,Mix
DA:1,1
DA:2,1
DA:3,1
DA:4,1
DA:5,1
DA:6,1
DA:7,1
DA:8,1
DA:9,1
DA:10,3
DA:11,3
DA:12,3
DA:13,3
DA:14,3
DA:15,3
DA:16,1
DA:17,1
DA:18,1
LF:18
LH:18
BRDA:7,0,0,1
BRDA:9,1,0,3
BRF:2
BRH:2
end_of_record
TN:
SF:src\Card\SimpleCardDealer\SimpleCardDealer.ts
FN:11,SimpleCardDealer
FN:14,startGame
FN:19,setTrumps
FNF:3
FNH:3
FNDA:2,SimpleCardDealer
FNDA:1,startGame
FNDA:1,setTrumps
DA:1,1
DA:2,1
DA:3,1
DA:4,1
DA:5,1
DA:6,1
DA:7,1
DA:8,1
DA:9,1
DA:10,1
DA:11,1
DA:12,2
DA:13,2
DA:14,1
DA:15,1
DA:16,2
DA:17,1
DA:18,1
DA:19,1
DA:20,1
DA:21,1
DA:22,1
LF:22
LH:22
BRDA:11,0,0,2
BRDA:14,1,0,1
BRDA:15,2,0,2
BRDA:19,3,0,1
BRF:4
BRH:4
end_of_record
TN:
SF:src\Room\CheckStateRoom\CheckStateRoom.ts
FN:8,checkStateGame
FN:14,checkUserCount
FNF:2
FNH:2
FNDA:2,checkStateGame
FNDA:2,checkUserCount
DA:1,1
DA:2,1
DA:3,1
DA:4,1
DA:5,1
DA:6,1
DA:7,1
DA:8,1
DA:9,2
DA:10,1
DA:11,1
DA:12,1
DA:13,1
DA:14,1
DA:15,2
DA:16,1
DA:17,1
DA:18,1
DA:19,1
DA:20,1
LF:20
LH:20
BRDA:8,0,0,2
BRDA:9,1,0,1
BRDA:14,2,0,2
BRDA:15,3,0,1
BRF:4
BRH:4
end_of_record
TN:
SF:src\Room\GrabState\GrabState.ts
FN:10,checkGrabState
FN:13,changeGrabStateFalse
FN:17,changeGrabStateTrue
FNF:3
FNH:3
FNDA:1,checkGrabState
FNDA:1,changeGrabStateFalse
FNDA:1,changeGrabStateTrue
DA:1,1
DA:2,1
DA:3,1
DA:4,1
DA:5,1
DA:6,1
DA:7,1
DA:8,1
DA:9,1
DA:10,1
DA:11,1
DA:12,1
DA:13,1
DA:14,1
DA:15,1
DA:16,1
DA:17,1
DA:18,1
DA:19,1
DA:20,1
DA:21,1
LF:21
LH:21
BRDA:10,0,0,1
BRDA:13,1,0,1
BRDA:17,2,0,1
BRF:3
BRH:3
end_of_record
TN:
SF:src\classMessage\NotifyUser\NotifyUser.ts
FN:17,NotifyUser
FN:28,sendNotification
FNF:2
FNH:2
FNDA:1,NotifyUser
FNDA:1,sendNotification
DA:1,1
DA:2,1
DA:3,1
DA:4,1
DA:5,1
DA:6,1
DA:7,1
DA:8,1
DA:9,1
DA:10,1
DA:11,1
DA:12,1
DA:13,1
DA:14,1
DA:15,1
DA:16,1
DA:17,1
DA:18,1
DA:19,1
DA:20,1
DA:21,1
DA:22,1
DA:23,1
DA:24,1
DA:25,1
DA:26,1
DA:27,1
DA:28,1
DA:29,1
DA:30,1
DA:31,1
DA:32,1
DA:33,2
DA:34,2
DA:35,2
DA:36,2
DA:37,2
DA:38,2
DA:39,2
DA:40,2
DA:41,2
DA:42,2
DA:43,2
DA:44,2
DA:45,2
DA:46,2
DA:47,2
DA:48,2
DA:49,2
DA:50,2
DA:51,2
DA:52,1
DA:53,1
DA:54,1
LF:54
LH:54
BRDA:17,0,0,1
BRDA:28,1,0,1
BRDA:32,2,0,2
BRF:3
BRH:3
end_of_record
TN:
SF:src\classMessage\SendMessage\SendMessage.ts
FN:8,JoinMessage
FNF:1
FNH:1
FNDA:1,JoinMessage
DA:1,1
DA:2,1
DA:3,1
DA:4,1
DA:5,1
DA:6,1
DA:7,1
DA:8,1
DA:9,1
DA:10,1
DA:11,1
LF:11
LH:11
BRDA:8,0,0,1
BRF:1
BRH:1
end_of_record
TN:
SF:src\classWorkWithUser\MessageRecipientFilter\MessageRecipientFilter.ts
FN:10,filterMessageToUsersExcept
FNF:1
FNH:1
FNDA:1,filterMessageToUsersExcept
DA:1,1
DA:2,1
DA:3,1
DA:4,1
DA:5,1
DA:6,1
DA:7,1
DA:8,1
DA:9,1
DA:10,1
DA:11,1
DA:12,1
DA:13,1
DA:14,1
LF:14
LH:14
BRDA:10,0,0,1
BRDA:11,1,0,2
BRF:2
BRH:2
end_of_record
TN:
SF:src\classWorkWithUser\UserCardRemove\UserCardRemove.ts
FN:7,CardRemove
FNF:1
FNH:1
FNDA:1,CardRemove
DA:1,1
DA:2,1
DA:3,1
DA:4,1
DA:5,1
DA:6,1
DA:7,1
DA:8,1
DA:9,1
DA:10,1
DA:11,1
LF:11
LH:11
BRDA:7,0,0,1
BRF:1
BRH:1
end_of_record
TN:
SF:src\classWorkWithUser\UserChakeState\UserChakeState.ts
FN:9,ChakeStateAttack
FN:15,ChakeStateDefending
FNF:2
FNH:2
FNDA:2,ChakeStateAttack
FNDA:2,ChakeStateDefending
DA:1,1
DA:2,1
DA:3,1
DA:4,1
DA:5,1
DA:6,1
DA:7,1
DA:8,1
DA:9,1
DA:10,2
DA:11,1
DA:12,1
DA:13,1
DA:14,1
DA:15,1
DA:16,2
DA:17,1
DA:18,1
DA:19,1
DA:20,1
DA:21,1
DA:22,1
LF:22
LH:22
BRDA:9,0,0,2
BRDA:10,1,0,1
BRDA:15,2,0,2
BRDA:16,3,0,1
BRF:4
BRH:4
end_of_record
TN:
SF:src\classWorkWithUser\UserChangeStartGame\UserChangeStartGame.ts
FN:8,changeState
FNF:1
FNH:1
FNDA:1,changeState
DA:1,1
DA:2,1
DA:3,1
DA:4,1
DA:5,1
DA:6,1
DA:7,1
DA:8,1
DA:9,1
DA:10,1
DA:11,1
DA:12,1
LF:12
LH:12
BRDA:8,0,0,1
BRF:1
BRH:1
end_of_record
TN:
SF:src\classWorkWithUser\UserFindRoom\UserFindRoom.ts
FN:8,findPlayerIndexInRoom
FNF:1
FNH:1
FNDA:2,findPlayerIndexInRoom
DA:1,1
DA:2,1
DA:3,1
DA:4,1
DA:5,1
DA:6,1
DA:7,1
DA:8,1
DA:9,2
DA:10,2
DA:11,2
DA:12,2
DA:13,2
DA:14,2
DA:15,2
DA:16,1
LF:16
LH:16
BRDA:8,0,0,2
BRDA:11,1,0,3
BRF:2
BRH:2
end_of_record
TN:
SF:src\classWorkWithUser\UserManager\UserManager.ts
FN:15,transformUserForRoom
FN:26,transformedPlayerPublisher
FN:37,transformedPlayer
FNF:3
FNH:3
FNDA:1,transformUserForRoom
FNDA:1,transformedPlayerPublisher
FNDA:1,transformedPlayer
DA:1,1
DA:2,1
DA:3,1
DA:4,1
DA:5,1
DA:6,1
DA:7,1
DA:8,1
DA:9,1
DA:10,1
DA:11,1
DA:12,1
DA:13,1
DA:14,1
DA:15,1
DA:16,1
DA:17,1
DA:18,1
DA:19,1
DA:20,1
DA:21,1
DA:22,1
DA:23,1
DA:24,1
DA:25,1
DA:26,1
DA:27,1
DA:28,1
DA:29,1
DA:30,1
DA:31,1
DA:32,1
DA:33,1
DA:34,1
DA:35,1
DA:36,1
DA:37,1
DA:38,1
DA:39,1
DA:40,1
DA:41,1
DA:42,1
DA:43,1
DA:44,1
DA:45,1
DA:46,1
DA:47,1
DA:48,1
DA:49,1
DA:50,1
DA:51,1
DA:52,1
DA:53,1
DA:54,1
DA:55,1
DA:56,1
DA:57,1
LF:57
LH:57
BRDA:15,0,0,1
BRDA:26,1,0,1
BRDA:37,2,0,1
BRF:3
BRH:3
end_of_record
TN:
SF:src\classWorkWithUser\UserParser\UserParser.ts
FN:8,userParser
FNF:1
FNH:1
FNDA:2,userParser
DA:1,1
DA:2,1
DA:3,1
DA:4,1
DA:5,1
DA:6,1
DA:7,1
DA:8,1
DA:9,2
DA:10,2
DA:11,1
DA:12,1
DA:13,1
DA:14,1
DA:15,1
DA:16,1
LF:16
LH:16
BRDA:8,0,0,2
BRDA:10,1,0,1
BRF:2
BRH:2
end_of_record
TN:
SF:src\classWorkWithUser\UserPass\UserPass.ts
FN:7,UserPass
FN:8,UserPassTrue
FN:13,UpdateAllUserPass
FN:19,_UserPass_UserPassFalse
FNF:4
FNH:4
FNDA:2,UserPass
FNDA:1,UserPassTrue
FNDA:1,UpdateAllUserPass
FNDA:2,_UserPass_UserPassFalse
DA:1,1
DA:2,1
DA:3,1
DA:4,1
DA:5,1
DA:6,1
DA:7,2
DA:8,2
DA:9,1
DA:10,1
DA:11,1
DA:12,2
DA:13,2
DA:14,1
DA:15,2
DA:16,1
DA:17,1
DA:18,1
DA:19,2
DA:20,2
DA:21,2
DA:22,2
LF:22
LH:22
BRDA:7,0,0,2
BRDA:8,1,0,1
BRDA:13,2,0,1
BRDA:14,3,0,2
BRDA:19,4,0,2
BRF:5
BRH:5
end_of_record
TN:
SF:src\classWorkWithUser\UserPassCheck\UserPassCheck.ts
FN:8,UserPassCheck
FNF:1
FNH:1
FNDA:2,UserPassCheck
DA:1,1
DA:2,1
DA:3,1
DA:4,1
DA:5,1
DA:6,1
DA:7,1
DA:8,1
DA:9,2
DA:10,2
DA:11,4
DA:12,1
DA:13,1
DA:14,2
DA:15,2
DA:16,2
DA:17,1
LF:17
LH:17
BRDA:8,0,0,2
BRDA:10,1,0,4
BRDA:11,2,0,1
BRF:3
BRH:3
end_of_record
TN:
SF:src\classWorkWithUser\UserPublisher\UserPublisher.ts
FN:11,UserPublisher
FN:14,mapPlayersToPublish
FNF:2
FNH:2
FNDA:1,UserPublisher
FNDA:1,mapPlayersToPublish
DA:1,1
DA:2,1
DA:3,1
DA:4,1
DA:5,1
DA:6,1
DA:7,1
DA:8,1
DA:9,1
DA:10,1
DA:11,1
DA:12,1
DA:13,1
DA:14,1
DA:15,1
DA:16,1
DA:17,1
DA:18,1
DA:19,1
DA:20,1
DA:21,1
DA:22,1
LF:22
LH:22
BRDA:11,0,0,1
BRDA:14,1,0,1
BRDA:16,2,0,1
BRF:3
BRH:3
end_of_record
TN:
SF:src\classWorkWithUser\UserReadinessCheck\UserReadinessCheck.ts
FN:8,UserReadinessCheck
FNF:1
FNH:1
FNDA:2,UserReadinessCheck
DA:1,1
DA:2,1
DA:3,1
DA:4,1
DA:5,1
DA:6,1
DA:7,1
DA:8,1
DA:9,2
DA:10,2
DA:11,4
DA:12,1
DA:13,1
DA:14,2
DA:15,2
DA:16,2
DA:17,1
LF:17
LH:17
BRDA:8,0,0,2
BRDA:10,1,0,4
BRDA:11,2,0,1
BRF:3
BRH:3
end_of_record
